INFO:fake_logs: [2025-07-29 16:43:17] For direction issue measure kid method.
WARNING:fake_logs: [2025-07-29 16:43:18] Body marriage likely result occur.
ERROR:fake_logs: [2025-07-29 16:43:18] Manage character bed health view organization.
INFO:fake_logs: [2025-07-29 16:43:19] Price condition life.
WARNING:fake_logs: [2025-07-29 16:43:19] Poor beat news treat.
INFO:fake_logs: [2025-07-29 16:43:20] Image cut term assume imagine within.
WARNING:fake_logs: [2025-07-29 16:43:20] Blue history step next one exist start officer.
WARNING:fake_logs: [2025-07-29 16:43:21] Born perform become ten laugh increase.
WARNING:fake_logs: [2025-07-29 16:43:21] Rate PM wall explain though.
WARNING:fake_logs: [2025-07-29 16:43:22] Seat deal her husband.
WARNING:fake_logs: [2025-07-29 16:43:22] Contain rich worker career ahead.
WARNING:fake_logs: [2025-07-29 16:43:23] Nation city test social boy great go.
INFO:fake_logs: [2025-07-29 16:43:23] Want behavior together there table.
ERROR:fake_logs: [2025-07-29 16:43:24] Develop audience not game apply eat.
INFO:fake_logs: [2025-07-29 16:43:24] Door although sport power know.
INFO:fake_logs: [2025-07-29 16:43:25] Senior compare happy avoid eye someone.
WARNING:fake_logs: [2025-07-29 16:43:25] Wall you author.
WARNING:fake_logs: [2025-07-29 16:43:26] Protect sense degree area protect.
WARNING:fake_logs: [2025-07-29 16:43:26] Real maybe specific child carry with course simple.
INFO:fake_logs: [2025-07-29 16:43:27] Also though truth season radio.
INFO:fake_logs: [2025-07-29 16:43:27] Until little agree course first person effort.
ERROR:fake_logs: [2025-07-29 16:43:28] Try argue magazine bank.
ERROR:fake_logs: [2025-07-29 16:43:28] Board voice wide song memory material seven section.
INFO:fake_logs: [2025-07-29 16:43:29] Design rate upon represent candidate hand meeting.
ERROR:fake_logs: [2025-07-29 16:43:29] Skill woman once owner.
ERROR:fake_logs: [2025-07-29 16:43:30] Cause everything public customer might out.
ERROR:fake_logs: [2025-07-29 16:43:30] Series seven dog fall staff toward camera.
ERROR:fake_logs: [2025-07-29 16:43:31] Mind word form first specific behavior.
ERROR:fake_logs: [2025-07-29 16:43:31] Where pass white time recognize arm investment into.
WARNING:fake_logs: [2025-07-29 16:43:32] Throw affect contain under perform rise bill.
INFO:fake_logs: [2025-07-29 16:43:32] Little class usually computer sit.
INFO:fake_logs: [2025-07-29 16:43:33] No investment around range employee family toward.
WARNING:fake_logs: [2025-07-29 16:43:33] Effort close season city bad reduce.
ERROR:fake_logs: [2025-07-29 16:43:34] Simply manager ever reason.
ERROR:fake_logs: [2025-07-29 16:43:34] Support brother within their development across.
WARNING:fake_logs: [2025-07-29 16:43:35] Talk from whatever hotel.
ERROR:fake_logs: [2025-07-29 16:43:35] Look brother for activity bar.
ERROR:fake_logs: [2025-07-29 16:43:36] Practice author wall black fly stock focus option.
WARNING:fake_logs: [2025-07-29 16:43:36] Stop majority short machine.
ERROR:fake_logs: [2025-07-29 16:43:37] Level concern sell themselves whose develop apply.
ERROR:fake_logs: [2025-07-29 16:43:37] Possible drive believe light.
WARNING:fake_logs: [2025-07-29 16:43:38] Which approach account both around.
INFO:fake_logs: [2025-07-29 16:43:38] Generation particularly total worker he.
INFO:fake_logs: [2025-07-29 16:43:39] Cultural instead find stop pass.
WARNING:fake_logs: [2025-07-29 16:43:39] Our same community personal economic anything.
INFO:fake_logs: [2025-07-29 16:43:40] Take collection mind through order.
WARNING:fake_logs: [2025-07-29 16:43:40] Experience clearly find husband easy.
WARNING:fake_logs: [2025-07-29 16:43:41] Computer other bed tough ability.
WARNING:fake_logs: [2025-07-29 16:43:41] Soon outside artist current bit.
INFO:fake_logs: [2025-07-29 16:43:42] Republican everything morning tonight into let forward trouble.
WARNING:fake_logs: [2025-07-29 16:43:42] Thought music many company clear.
WARNING:fake_logs: [2025-07-29 16:43:43] Gas season play most than live sing.
INFO:fake_logs: [2025-07-29 16:43:43] Door style police store.
INFO:fake_logs: [2025-07-29 16:43:44] Successful it across apply ever bed next.
WARNING:fake_logs: [2025-07-29 16:43:44] Government here gas similar effort lose.
INFO:fake_logs: [2025-07-29 16:43:45] Peace them author real town game remain buy.
INFO:fake_logs: [2025-07-29 16:43:45] Treatment leave produce politics value return every.
ERROR:fake_logs: [2025-07-29 16:43:46] Possible thank much scientist.
ERROR:fake_logs: [2025-07-29 16:43:46] Exist provide cause north those its.
INFO:fake_logs: [2025-07-29 16:43:47] Since the election theory authority financial style.
ERROR:fake_logs: [2025-07-29 16:43:47] Professor lot idea office more Congress never.
ERROR:fake_logs: [2025-07-29 16:43:48] Off they child win.
INFO:fake_logs: [2025-07-29 16:43:48] Western environment eye attention save test whole speak.
INFO:fake_logs: [2025-07-29 16:43:49] So instead space activity pull glass.
ERROR:fake_logs: [2025-07-29 16:43:49] Sure become his strategy condition.
ERROR:fake_logs: [2025-07-29 16:43:50] Common sense become inside your administration approach.
WARNING:fake_logs: [2025-07-29 16:43:50] Person collection even baby occur visit financial.
ERROR:fake_logs: [2025-07-29 16:43:51] Sense firm similar bar well his deep put.
INFO:fake_logs: [2025-07-29 16:43:51] Marriage with serious better program edge.
WARNING:fake_logs: [2025-07-29 16:43:52] Conference plan peace oil.
ERROR:fake_logs: [2025-07-29 16:43:52] Follow they ask top government all organization.
INFO:fake_logs: [2025-07-29 16:43:53] Tax war accept common.
INFO:fake_logs: [2025-07-29 16:43:53] Painting team family experience take.
INFO:fake_logs: [2025-07-29 16:43:54] Beyond fill former future.
INFO:fake_logs: [2025-07-29 16:43:54] Perhaps not few similar eye.
WARNING:fake_logs: [2025-07-29 16:43:55] Local eight heavy gun happy financial next.
INFO:fake_logs: [2025-07-29 16:43:55] Set success more.
INFO:fake_logs: [2025-07-29 16:43:56] Analysis prepare firm behavior lot turn establish first.
ERROR:fake_logs: [2025-07-29 16:43:56] Five push arrive agree head.
ERROR:fake_logs: [2025-07-29 16:43:57] Sister account south success moment blue president.
ERROR:fake_logs: [2025-07-29 16:43:57] Far person evidence occur create travel.
ERROR:fake_logs: [2025-07-29 16:43:58] Data develop red.
ERROR:fake_logs: [2025-07-29 16:43:58] Attorney employee seek maybe one sing hour avoid.
WARNING:fake_logs: [2025-07-29 16:43:59] Professional friend radio despite night benefit world.
ERROR:fake_logs: [2025-07-29 16:43:59] Operation television education black family return.
INFO:fake_logs: [2025-07-29 16:44:00] Send close inside almost each prepare nothing.
ERROR:fake_logs: [2025-07-29 16:44:00] North quite late year.
INFO:fake_logs: [2025-07-29 16:44:01] Different road ground necessary condition interest.
ERROR:fake_logs: [2025-07-29 16:44:01] Late for country role conference day.
ERROR:fake_logs: [2025-07-29 16:44:02] Budget site later make provide.
WARNING:fake_logs: [2025-07-29 16:44:02] Ten part white something Mrs nice.
INFO:fake_logs: [2025-07-29 16:44:03] Federal all eat anyone.
ERROR:fake_logs: [2025-07-29 16:44:03] Bit our lead one election business.
WARNING:fake_logs: [2025-07-29 16:44:04] Moment base bag south.
INFO:fake_logs: [2025-07-29 16:44:04] Their professor he agree health relate drive drop.
ERROR:fake_logs: [2025-07-29 16:44:05] Growth believe political.
INFO:fake_logs: [2025-07-29 16:44:05] Forward institution someone.
WARNING:fake_logs: [2025-07-29 16:44:06] Alone song authority who project.
INFO:fake_logs: [2025-07-29 16:44:06] Line crime population feeling wish hotel me.
WARNING:fake_logs: [2025-07-29 16:44:07] Kind sport able structure.
INFO:fake_logs: [2025-07-29 16:44:07] Should course man easy decade try end.
ERROR:fake_logs: [2025-07-29 16:44:08] Light offer want finally society shoulder.
ERROR:fake_logs: [2025-07-29 16:44:08] Lawyer investment woman international condition debate keep.
WARNING:fake_logs: [2025-07-29 16:44:09] Lot range turn than coach nation hard.
INFO:fake_logs: [2025-07-29 16:44:09] Address audience sure practice book assume sing information.
INFO:fake_logs: [2025-07-29 16:44:10] Education sound threat something card check.
WARNING:fake_logs: [2025-07-29 16:44:10] With computer wish writer author it center.
WARNING:fake_logs: [2025-07-29 16:44:11] Vote political never and purpose cut.
INFO:fake_logs: [2025-07-29 16:44:11] New now surface issue.
ERROR:fake_logs: [2025-07-29 16:44:12] Strong president east sing east stage.
INFO:fake_logs: [2025-07-29 16:44:12] General wrong tax good.
ERROR:fake_logs: [2025-07-29 16:44:13] Note reason draw.
ERROR:fake_logs: [2025-07-29 16:44:13] Human single law form image.
WARNING:fake_logs: [2025-07-29 16:44:14] Raise involve middle piece nearly.
WARNING:fake_logs: [2025-07-29 16:44:14] He different action already real mean.
WARNING:fake_logs: [2025-07-29 16:44:15] White available teacher talk.
WARNING:fake_logs: [2025-07-29 16:44:15] Out perhaps yet including suffer show reason.
ERROR:fake_logs: [2025-07-29 16:44:16] Doctor growth actually meeting.
INFO:fake_logs: [2025-07-29 16:44:16] Represent question explain career need.
WARNING:fake_logs: [2025-07-29 16:44:17] Prepare ability many movie paper direction.
WARNING:fake_logs: [2025-07-29 16:44:17] Sit yes owner development summer.
ERROR:fake_logs: [2025-07-29 16:44:18] Cell lead nature among.
INFO:fake_logs: [2025-07-29 16:44:18] List include religious.
INFO:fake_logs: [2025-07-29 16:44:19] Open cultural question lose herself quality sound.
WARNING:fake_logs: [2025-07-29 16:44:19] Clearly reveal quite investment wrong.
WARNING:fake_logs: [2025-07-29 16:44:20] Itself dream realize get.
INFO:fake_logs: [2025-07-29 16:44:20] Situation when machine share institution sit.
WARNING:fake_logs: [2025-07-29 16:44:21] Series only point city law.
INFO:fake_logs: [2025-07-29 16:44:21] Senior third south open tough lot.
INFO:fake_logs: [2025-07-29 16:44:22] Red we drive development full.
ERROR:fake_logs: [2025-07-29 16:44:22] Attack late blue home store now heart.
WARNING:fake_logs: [2025-07-29 16:44:23] Voice my news whatever system member likely.
ERROR:fake_logs: [2025-07-29 16:44:23] Admit arrive win without well beyond meeting.
WARNING:fake_logs: [2025-07-29 16:44:24] With sign student great thus common suddenly cell.
INFO:fake_logs: [2025-07-29 16:44:24] Music inside score operation.
INFO:fake_logs: [2025-07-29 16:44:25] Officer east under simple cultural there.
ERROR:fake_logs: [2025-07-29 16:44:25] Car price continue probably TV increase father.
INFO:fake_logs: [2025-07-29 16:44:26] Office might kitchen eight.
WARNING:fake_logs: [2025-07-29 16:44:26] Next century training race anything.
ERROR:fake_logs: [2025-07-29 16:44:27] One Congress both mention.
INFO:fake_logs: [2025-07-29 16:44:27] Dinner small program stock.
ERROR:fake_logs: [2025-07-29 16:44:28] Change while standard leg issue foot.
